2024-04-07T20:05:54.156+09:00  INFO 13560 --- [restartedMain] c.o.home.configuration.Application       : Starting Application using Java 17.0.10 with PID 13560 (C:\dev\lecture_code\SpringBoot\Home\build\classes\java\main started by admin in C:\dev\lecture_code\SpringBoot\Home)
2024-04-07T20:05:54.159+09:00  INFO 13560 --- [restartedMain] c.o.home.configuration.Application       : No active profile set, falling back to 1 default profile: "default"
2024-04-07T20:05:54.222+09:00  INFO 13560 --- [restartedMain] .e.DevToolsPropertyDefaultsPostProcessor : Devtools property defaults active! Set 'spring.devtools.add-properties' to 'false' to disable
2024-04-07T20:05:54.222+09:00  INFO 13560 --- [restartedMain] .e.DevToolsPropertyDefaultsPostProcessor : For additional web related logging consider setting the 'logging.level.web' property to 'DEBUG'
2024-04-07T20:05:55.706+09:00  INFO 13560 --- [restartedMain] o.s.b.w.embedded.tomcat.TomcatWebServer  : Tomcat initialized with port 8080 (http)
2024-04-07T20:05:55.719+09:00  INFO 13560 --- [restartedMain] o.apache.catalina.core.StandardService   : Starting service [Tomcat]
2024-04-07T20:05:55.719+09:00  INFO 13560 --- [restartedMain] o.apache.catalina.core.StandardEngine    : Starting Servlet engine: [Apache Tomcat/10.1.19]
2024-04-07T20:05:55.779+09:00  INFO 13560 --- [restartedMain] o.a.c.c.C.[Tomcat].[localhost].[/]       : Initializing Spring embedded WebApplicationContext
2024-04-07T20:05:55.779+09:00  INFO 13560 --- [restartedMain] w.s.c.ServletWebServerApplicationContext : Root WebApplicationContext: initialization completed in 1557 ms
2024-04-07T20:05:56.157+09:00  INFO 13560 --- [restartedMain] o.s.b.a.w.s.WelcomePageHandlerMapping    : Adding welcome page: class path resource [static/index.html]
2024-04-07T20:05:56.518+09:00  INFO 13560 --- [restartedMain] o.s.b.d.a.OptionalLiveReloadServer       : LiveReload server is running on port 35729
2024-04-07T20:05:56.638+09:00  INFO 13560 --- [restartedMain] o.s.b.w.embedded.tomcat.TomcatWebServer  : Tomcat started on port 8080 (http) with context path ''
2024-04-07T20:05:56.658+09:00  INFO 13560 --- [restartedMain] c.o.home.configuration.Application       : Started Application in 3.105 seconds (process running for 4.276)
2024-04-07T20:05:56.775+09:00  INFO 13560 --- [http-nio-8080-exec-2] o.a.c.c.C.[Tomcat].[localhost].[/]       : Initializing Spring DispatcherServlet 'dispatcherServlet'
2024-04-07T20:05:56.776+09:00  INFO 13560 --- [http-nio-8080-exec-2] o.s.web.servlet.DispatcherServlet        : Initializing Servlet 'dispatcherServlet'
2024-04-07T20:05:56.779+09:00  INFO 13560 --- [http-nio-8080-exec-2] o.s.web.servlet.DispatcherServlet        : Completed initialization in 3 ms
2024-04-07T20:05:58.586+09:00  INFO 13560 --- [http-nio-8080-exec-4] com.zaxxer.hikari.HikariDataSource       : HikariPool-1 - Starting...
2024-04-07T20:05:59.359+09:00  INFO 13560 --- [http-nio-8080-exec-4] com.zaxxer.hikari.pool.HikariPool        : HikariPool-1 - Added connection com.mysql.cj.jdbc.ConnectionImpl@5db1a1e1
2024-04-07T20:05:59.363+09:00  INFO 13560 --- [http-nio-8080-exec-4] com.zaxxer.hikari.HikariDataSource       : HikariPool-1 - Start completed.
2024-04-07T20:07:45.192+09:00  INFO 13560 --- [File Watcher] rtingClassPathChangeChangedEventListener : Restarting due to 4 class path changes (0 additions, 0 deletions, 4 modifications)
2024-04-07T20:07:45.213+09:00  INFO 13560 --- [Thread-5] com.zaxxer.hikari.HikariDataSource       : HikariPool-1 - Shutdown initiated...
2024-04-07T20:07:45.223+09:00  INFO 13560 --- [Thread-5] com.zaxxer.hikari.HikariDataSource       : HikariPool-1 - Shutdown completed.
2024-04-07T20:07:45.298+09:00  INFO 13560 --- [restartedMain] c.o.home.configuration.Application       : Starting Application using Java 17.0.10 with PID 13560 (C:\dev\lecture_code\SpringBoot\Home\build\classes\java\main started by admin in C:\dev\lecture_code\SpringBoot\Home)
2024-04-07T20:07:45.299+09:00  INFO 13560 --- [restartedMain] c.o.home.configuration.Application       : No active profile set, falling back to 1 default profile: "default"
2024-04-07T20:07:45.643+09:00  INFO 13560 --- [restartedMain] o.s.b.w.embedded.tomcat.TomcatWebServer  : Tomcat initialized with port 8080 (http)
2024-04-07T20:07:45.644+09:00  INFO 13560 --- [restartedMain] o.apache.catalina.core.StandardService   : Starting service [Tomcat]
2024-04-07T20:07:45.644+09:00  INFO 13560 --- [restartedMain] o.apache.catalina.core.StandardEngine    : Starting Servlet engine: [Apache Tomcat/10.1.19]
2024-04-07T20:07:45.663+09:00  INFO 13560 --- [restartedMain] o.a.c.c.C.[Tomcat].[localhost].[/]       : Initializing Spring embedded WebApplicationContext
2024-04-07T20:07:45.663+09:00  INFO 13560 --- [restartedMain] w.s.c.ServletWebServerApplicationContext : Root WebApplicationContext: initialization completed in 361 ms
2024-04-07T20:07:45.729+09:00  INFO 13560 --- [restartedMain] o.s.b.a.w.s.WelcomePageHandlerMapping    : Adding welcome page: class path resource [static/index.html]
2024-04-07T20:07:45.813+09:00  INFO 13560 --- [restartedMain] o.s.b.d.a.OptionalLiveReloadServer       : LiveReload server is running on port 35729
2024-04-07T20:07:45.826+09:00  INFO 13560 --- [restartedMain] o.s.b.w.embedded.tomcat.TomcatWebServer  : Tomcat started on port 8080 (http) with context path ''
2024-04-07T20:07:45.831+09:00  INFO 13560 --- [restartedMain] c.o.home.configuration.Application       : Started Application in 0.566 seconds (process running for 113.449)
2024-04-07T20:07:45.832+09:00  INFO 13560 --- [restartedMain] .ConditionEvaluationDeltaLoggingListener : Condition evaluation unchanged
2024-04-07T20:13:15.262+09:00  INFO 13560 --- [http-nio-8080-exec-1] o.a.c.c.C.[Tomcat].[localhost].[/]       : Initializing Spring DispatcherServlet 'dispatcherServlet'
2024-04-07T20:13:15.263+09:00  INFO 13560 --- [http-nio-8080-exec-1] o.s.web.servlet.DispatcherServlet        : Initializing Servlet 'dispatcherServlet'
2024-04-07T20:13:15.268+09:00  INFO 13560 --- [http-nio-8080-exec-1] o.s.web.servlet.DispatcherServlet        : Completed initialization in 5 ms
2024-04-07T20:13:18.152+09:00  INFO 13560 --- [File Watcher] rtingClassPathChangeChangedEventListener : Restarting due to 6 class path changes (1 addition, 0 deletions, 5 modifications)
2024-04-07T20:13:18.279+09:00  INFO 13560 --- [restartedMain] c.o.home.configuration.Application       : Starting Application using Java 17.0.10 with PID 13560 (C:\dev\lecture_code\SpringBoot\Home\build\classes\java\main started by admin in C:\dev\lecture_code\SpringBoot\Home)
2024-04-07T20:13:18.280+09:00  INFO 13560 --- [restartedMain] c.o.home.configuration.Application       : No active profile set, falling back to 1 default profile: "default"
2024-04-07T20:13:18.639+09:00  INFO 13560 --- [restartedMain] o.s.b.w.embedded.tomcat.TomcatWebServer  : Tomcat initialized with port 8080 (http)
2024-04-07T20:13:18.640+09:00  INFO 13560 --- [restartedMain] o.apache.catalina.core.StandardService   : Starting service [Tomcat]
2024-04-07T20:13:18.640+09:00  INFO 13560 --- [restartedMain] o.apache.catalina.core.StandardEngine    : Starting Servlet engine: [Apache Tomcat/10.1.19]
2024-04-07T20:13:18.660+09:00  INFO 13560 --- [restartedMain] o.a.c.c.C.[Tomcat].[localhost].[/]       : Initializing Spring embedded WebApplicationContext
2024-04-07T20:13:18.661+09:00  INFO 13560 --- [restartedMain] w.s.c.ServletWebServerApplicationContext : Root WebApplicationContext: initialization completed in 374 ms
2024-04-07T20:13:18.721+09:00  INFO 13560 --- [restartedMain] o.s.b.a.w.s.WelcomePageHandlerMapping    : Adding welcome page: class path resource [static/index.html]
2024-04-07T20:13:18.789+09:00  INFO 13560 --- [restartedMain] o.s.b.d.a.OptionalLiveReloadServer       : LiveReload server is running on port 35729
2024-04-07T20:13:18.798+09:00  INFO 13560 --- [restartedMain] o.s.b.w.embedded.tomcat.TomcatWebServer  : Tomcat started on port 8080 (http) with context path ''
2024-04-07T20:13:18.806+09:00  INFO 13560 --- [restartedMain] c.o.home.configuration.Application       : Started Application in 0.578 seconds (process running for 446.424)
2024-04-07T20:13:18.807+09:00  INFO 13560 --- [restartedMain] .ConditionEvaluationDeltaLoggingListener : Condition evaluation unchanged
2024-04-07T20:13:19.702+09:00  INFO 13560 --- [http-nio-8080-exec-1] o.a.c.c.C.[Tomcat].[localhost].[/]       : Initializing Spring DispatcherServlet 'dispatcherServlet'
2024-04-07T20:13:19.702+09:00  INFO 13560 --- [http-nio-8080-exec-1] o.s.web.servlet.DispatcherServlet        : Initializing Servlet 'dispatcherServlet'
2024-04-07T20:13:19.706+09:00  INFO 13560 --- [http-nio-8080-exec-1] o.s.web.servlet.DispatcherServlet        : Completed initialization in 3 ms
2024-04-07T20:13:44.517+09:00  INFO 13560 --- [File Watcher] rtingClassPathChangeChangedEventListener : Restarting due to 5 class path changes (0 additions, 0 deletions, 5 modifications)
2024-04-07T20:13:44.593+09:00  INFO 13560 --- [restartedMain] c.o.home.configuration.Application       : Starting Application using Java 17.0.10 with PID 13560 (C:\dev\lecture_code\SpringBoot\Home\build\classes\java\main started by admin in C:\dev\lecture_code\SpringBoot\Home)
2024-04-07T20:13:44.594+09:00  INFO 13560 --- [restartedMain] c.o.home.configuration.Application       : No active profile set, falling back to 1 default profile: "default"
2024-04-07T20:13:44.878+09:00  INFO 13560 --- [restartedMain] o.s.b.w.embedded.tomcat.TomcatWebServer  : Tomcat initialized with port 8080 (http)
2024-04-07T20:13:44.879+09:00  INFO 13560 --- [restartedMain] o.apache.catalina.core.StandardService   : Starting service [Tomcat]
2024-04-07T20:13:44.879+09:00  INFO 13560 --- [restartedMain] o.apache.catalina.core.StandardEngine    : Starting Servlet engine: [Apache Tomcat/10.1.19]
2024-04-07T20:13:44.897+09:00  INFO 13560 --- [restartedMain] o.a.c.c.C.[Tomcat].[localhost].[/]       : Initializing Spring embedded WebApplicationContext
2024-04-07T20:13:44.899+09:00  INFO 13560 --- [restartedMain] w.s.c.ServletWebServerApplicationContext : Root WebApplicationContext: initialization completed in 303 ms
2024-04-07T20:13:44.946+09:00  INFO 13560 --- [restartedMain] o.s.b.a.w.s.WelcomePageHandlerMapping    : Adding welcome page: class path resource [static/index.html]
2024-04-07T20:13:45.002+09:00  INFO 13560 --- [restartedMain] o.s.b.d.a.OptionalLiveReloadServer       : LiveReload server is running on port 35729
2024-04-07T20:13:45.013+09:00  INFO 13560 --- [restartedMain] o.s.b.w.embedded.tomcat.TomcatWebServer  : Tomcat started on port 8080 (http) with context path ''
2024-04-07T20:13:45.017+09:00  INFO 13560 --- [restartedMain] c.o.home.configuration.Application       : Started Application in 0.451 seconds (process running for 472.635)
2024-04-07T20:13:45.018+09:00  INFO 13560 --- [restartedMain] .ConditionEvaluationDeltaLoggingListener : Condition evaluation unchanged
2024-04-07T20:16:54.275+09:00  INFO 13560 --- [http-nio-8080-exec-1] o.a.c.c.C.[Tomcat].[localhost].[/]       : Initializing Spring DispatcherServlet 'dispatcherServlet'
2024-04-07T20:16:54.278+09:00  INFO 13560 --- [http-nio-8080-exec-1] o.s.web.servlet.DispatcherServlet        : Initializing Servlet 'dispatcherServlet'
2024-04-07T20:16:54.280+09:00  INFO 13560 --- [http-nio-8080-exec-1] o.s.web.servlet.DispatcherServlet        : Completed initialization in 2 ms
2024-04-07T20:16:56.411+09:00  INFO 13560 --- [File Watcher] rtingClassPathChangeChangedEventListener : Restarting due to 3 class path changes (0 additions, 3 deletions, 0 modifications)
2024-04-07T20:16:56.515+09:00  INFO 13560 --- [restartedMain] c.o.home.configuration.Application       : Starting Application using Java 17.0.10 with PID 13560 (C:\dev\lecture_code\SpringBoot\Home\build\classes\java\main started by admin in C:\dev\lecture_code\SpringBoot\Home)
2024-04-07T20:16:56.516+09:00  INFO 13560 --- [restartedMain] c.o.home.configuration.Application       : No active profile set, falling back to 1 default profile: "default"
2024-04-07T20:16:56.854+09:00  INFO 13560 --- [restartedMain] o.s.b.w.embedded.tomcat.TomcatWebServer  : Tomcat initialized with port 8080 (http)
2024-04-07T20:16:56.855+09:00  INFO 13560 --- [restartedMain] o.apache.catalina.core.StandardService   : Starting service [Tomcat]
2024-04-07T20:16:56.855+09:00  INFO 13560 --- [restartedMain] o.apache.catalina.core.StandardEngine    : Starting Servlet engine: [Apache Tomcat/10.1.19]
2024-04-07T20:16:56.876+09:00  INFO 13560 --- [restartedMain] o.a.c.c.C.[Tomcat].[localhost].[/]       : Initializing Spring embedded WebApplicationContext
2024-04-07T20:16:56.877+09:00  INFO 13560 --- [restartedMain] w.s.c.ServletWebServerApplicationContext : Root WebApplicationContext: initialization completed in 357 ms
2024-04-07T20:16:56.947+09:00  INFO 13560 --- [restartedMain] o.s.b.a.w.s.WelcomePageHandlerMapping    : Adding welcome page: class path resource [static/index.html]
2024-04-07T20:16:57.076+09:00  INFO 13560 --- [restartedMain] o.s.b.d.a.OptionalLiveReloadServer       : LiveReload server is running on port 35729
2024-04-07T20:16:57.103+09:00  INFO 13560 --- [restartedMain] o.s.b.w.embedded.tomcat.TomcatWebServer  : Tomcat started on port 8080 (http) with context path ''
2024-04-07T20:16:57.112+09:00  INFO 13560 --- [restartedMain] c.o.home.configuration.Application       : Started Application in 0.632 seconds (process running for 664.73)
2024-04-07T20:16:57.114+09:00  INFO 13560 --- [restartedMain] .ConditionEvaluationDeltaLoggingListener : Condition evaluation unchanged
2024-04-07T20:16:57.230+09:00  INFO 13560 --- [http-nio-8080-exec-1] o.a.c.c.C.[Tomcat].[localhost].[/]       : Initializing Spring DispatcherServlet 'dispatcherServlet'
2024-04-07T20:16:57.231+09:00  INFO 13560 --- [http-nio-8080-exec-1] o.s.web.servlet.DispatcherServlet        : Initializing Servlet 'dispatcherServlet'
2024-04-07T20:16:57.234+09:00  INFO 13560 --- [http-nio-8080-exec-1] o.s.web.servlet.DispatcherServlet        : Completed initialization in 3 ms
2024-04-07T20:16:57.237+09:00  INFO 13560 --- [http-nio-8080-exec-1] com.zaxxer.hikari.HikariDataSource       : HikariPool-2 - Starting...
2024-04-07T20:16:57.261+09:00  INFO 13560 --- [http-nio-8080-exec-1] com.zaxxer.hikari.pool.HikariPool        : HikariPool-2 - Added connection com.mysql.cj.jdbc.ConnectionImpl@1153fd34
2024-04-07T20:16:57.261+09:00  INFO 13560 --- [http-nio-8080-exec-1] com.zaxxer.hikari.HikariDataSource       : HikariPool-2 - Start completed.
2024-04-07T20:16:58.522+09:00  INFO 13560 --- [File Watcher] rtingClassPathChangeChangedEventListener : Restarting due to 8 class path changes (3 additions, 0 deletions, 5 modifications)
2024-04-07T20:16:58.541+09:00  INFO 13560 --- [Thread-19] com.zaxxer.hikari.HikariDataSource       : HikariPool-2 - Shutdown initiated...
2024-04-07T20:16:58.546+09:00  INFO 13560 --- [Thread-19] com.zaxxer.hikari.HikariDataSource       : HikariPool-2 - Shutdown completed.
2024-04-07T20:16:58.628+09:00  INFO 13560 --- [restartedMain] c.o.home.configuration.Application       : Starting Application using Java 17.0.10 with PID 13560 (C:\dev\lecture_code\SpringBoot\Home\build\classes\java\main started by admin in C:\dev\lecture_code\SpringBoot\Home)
2024-04-07T20:16:58.628+09:00  INFO 13560 --- [restartedMain] c.o.home.configuration.Application       : No active profile set, falling back to 1 default profile: "default"
2024-04-07T20:16:58.974+09:00  INFO 13560 --- [restartedMain] o.s.b.w.embedded.tomcat.TomcatWebServer  : Tomcat initialized with port 8080 (http)
2024-04-07T20:16:58.975+09:00  INFO 13560 --- [restartedMain] o.apache.catalina.core.StandardService   : Starting service [Tomcat]
2024-04-07T20:16:58.975+09:00  INFO 13560 --- [restartedMain] o.apache.catalina.core.StandardEngine    : Starting Servlet engine: [Apache Tomcat/10.1.19]
2024-04-07T20:16:59.005+09:00  INFO 13560 --- [restartedMain] o.a.c.c.C.[Tomcat].[localhost].[/]       : Initializing Spring embedded WebApplicationContext
2024-04-07T20:16:59.006+09:00  INFO 13560 --- [restartedMain] w.s.c.ServletWebServerApplicationContext : Root WebApplicationContext: initialization completed in 375 ms
2024-04-07T20:16:59.061+09:00  INFO 13560 --- [restartedMain] o.s.b.a.w.s.WelcomePageHandlerMapping    : Adding welcome page: class path resource [static/index.html]
2024-04-07T20:16:59.135+09:00  INFO 13560 --- [restartedMain] o.s.b.d.a.OptionalLiveReloadServer       : LiveReload server is running on port 35729
2024-04-07T20:16:59.145+09:00  INFO 13560 --- [restartedMain] o.s.b.w.embedded.tomcat.TomcatWebServer  : Tomcat started on port 8080 (http) with context path ''
2024-04-07T20:16:59.151+09:00  INFO 13560 --- [restartedMain] c.o.home.configuration.Application       : Started Application in 0.559 seconds (process running for 666.769)
2024-04-07T20:16:59.152+09:00  INFO 13560 --- [restartedMain] .ConditionEvaluationDeltaLoggingListener : Condition evaluation unchanged
2024-04-07T20:16:59.236+09:00  INFO 13560 --- [http-nio-8080-exec-1] o.a.c.c.C.[Tomcat].[localhost].[/]       : Initializing Spring DispatcherServlet 'dispatcherServlet'
2024-04-07T20:16:59.237+09:00  INFO 13560 --- [http-nio-8080-exec-1] o.s.web.servlet.DispatcherServlet        : Initializing Servlet 'dispatcherServlet'
2024-04-07T20:16:59.239+09:00  INFO 13560 --- [http-nio-8080-exec-1] o.s.web.servlet.DispatcherServlet        : Completed initialization in 1 ms
2024-04-07T20:18:02.736+09:00  INFO 13560 --- [File Watcher] rtingClassPathChangeChangedEventListener : Restarting due to 2 class path changes (0 additions, 0 deletions, 2 modifications)
2024-04-07T20:18:02.839+09:00  INFO 13560 --- [restartedMain] c.o.home.configuration.Application       : Starting Application using Java 17.0.10 with PID 13560 (C:\dev\lecture_code\SpringBoot\Home\build\classes\java\main started by admin in C:\dev\lecture_code\SpringBoot\Home)
2024-04-07T20:18:02.839+09:00  INFO 13560 --- [restartedMain] c.o.home.configuration.Application       : No active profile set, falling back to 1 default profile: "default"
2024-04-07T20:18:03.113+09:00  INFO 13560 --- [restartedMain] o.s.b.w.embedded.tomcat.TomcatWebServer  : Tomcat initialized with port 8080 (http)
2024-04-07T20:18:03.113+09:00  INFO 13560 --- [restartedMain] o.apache.catalina.core.StandardService   : Starting service [Tomcat]
2024-04-07T20:18:03.114+09:00  INFO 13560 --- [restartedMain] o.apache.catalina.core.StandardEngine    : Starting Servlet engine: [Apache Tomcat/10.1.19]
2024-04-07T20:18:03.131+09:00  INFO 13560 --- [restartedMain] o.a.c.c.C.[Tomcat].[localhost].[/]       : Initializing Spring embedded WebApplicationContext
2024-04-07T20:18:03.131+09:00  INFO 13560 --- [restartedMain] w.s.c.ServletWebServerApplicationContext : Root WebApplicationContext: initialization completed in 289 ms
2024-04-07T20:18:03.211+09:00  INFO 13560 --- [restartedMain] o.s.b.a.w.s.WelcomePageHandlerMapping    : Adding welcome page: class path resource [static/index.html]
2024-04-07T20:18:03.269+09:00  INFO 13560 --- [restartedMain] o.s.b.d.a.OptionalLiveReloadServer       : LiveReload server is running on port 35729
2024-04-07T20:18:03.281+09:00  INFO 13560 --- [restartedMain] o.s.b.w.embedded.tomcat.TomcatWebServer  : Tomcat started on port 8080 (http) with context path ''
2024-04-07T20:18:03.284+09:00  INFO 13560 --- [restartedMain] c.o.home.configuration.Application       : Started Application in 0.472 seconds (process running for 730.903)
2024-04-07T20:18:03.286+09:00  INFO 13560 --- [restartedMain] .ConditionEvaluationDeltaLoggingListener : Condition evaluation unchanged
2024-04-07T20:18:03.719+09:00  INFO 13560 --- [http-nio-8080-exec-1] o.a.c.c.C.[Tomcat].[localhost].[/]       : Initializing Spring DispatcherServlet 'dispatcherServlet'
2024-04-07T20:18:03.719+09:00  INFO 13560 --- [http-nio-8080-exec-1] o.s.web.servlet.DispatcherServlet        : Initializing Servlet 'dispatcherServlet'
2024-04-07T20:18:03.720+09:00  INFO 13560 --- [http-nio-8080-exec-1] o.s.web.servlet.DispatcherServlet        : Completed initialization in 1 ms
2024-04-07T20:18:08.006+09:00  INFO 13560 --- [http-nio-8080-exec-5] com.zaxxer.hikari.HikariDataSource       : HikariPool-3 - Starting...
2024-04-07T20:18:08.025+09:00  INFO 13560 --- [http-nio-8080-exec-5] com.zaxxer.hikari.pool.HikariPool        : HikariPool-3 - Added connection com.mysql.cj.jdbc.ConnectionImpl@2ce84354
2024-04-07T20:18:08.026+09:00  INFO 13560 --- [http-nio-8080-exec-5] com.zaxxer.hikari.HikariDataSource       : HikariPool-3 - Start completed.
2024-04-07T20:19:31.754+09:00  INFO 13560 --- [File Watcher] rtingClassPathChangeChangedEventListener : Restarting due to 5 class path changes (0 additions, 0 deletions, 5 modifications)
2024-04-07T20:19:31.788+09:00  INFO 13560 --- [Thread-27] com.zaxxer.hikari.HikariDataSource       : HikariPool-3 - Shutdown initiated...
2024-04-07T20:19:31.808+09:00  INFO 13560 --- [Thread-27] com.zaxxer.hikari.HikariDataSource       : HikariPool-3 - Shutdown completed.
2024-04-07T20:19:31.895+09:00  INFO 13560 --- [restartedMain] c.o.home.configuration.Application       : Starting Application using Java 17.0.10 with PID 13560 (C:\dev\lecture_code\SpringBoot\Home\build\classes\java\main started by admin in C:\dev\lecture_code\SpringBoot\Home)
2024-04-07T20:19:31.896+09:00  INFO 13560 --- [restartedMain] c.o.home.configuration.Application       : No active profile set, falling back to 1 default profile: "default"
2024-04-07T20:19:32.181+09:00  INFO 13560 --- [restartedMain] o.s.b.w.embedded.tomcat.TomcatWebServer  : Tomcat initialized with port 8080 (http)
2024-04-07T20:19:32.181+09:00  INFO 13560 --- [restartedMain] o.apache.catalina.core.StandardService   : Starting service [Tomcat]
2024-04-07T20:19:32.181+09:00  INFO 13560 --- [restartedMain] o.apache.catalina.core.StandardEngine    : Starting Servlet engine: [Apache Tomcat/10.1.19]
2024-04-07T20:19:32.202+09:00  INFO 13560 --- [restartedMain] o.a.c.c.C.[Tomcat].[localhost].[/]       : Initializing Spring embedded WebApplicationContext
2024-04-07T20:19:32.203+09:00  INFO 13560 --- [restartedMain] w.s.c.ServletWebServerApplicationContext : Root WebApplicationContext: initialization completed in 304 ms
2024-04-07T20:19:32.253+09:00  INFO 13560 --- [restartedMain] o.s.b.a.w.s.WelcomePageHandlerMapping    : Adding welcome page: class path resource [static/index.html]
2024-04-07T20:19:32.313+09:00  INFO 13560 --- [restartedMain] o.s.b.d.a.OptionalLiveReloadServer       : LiveReload server is running on port 35729
2024-04-07T20:19:32.323+09:00  INFO 13560 --- [restartedMain] o.s.b.w.embedded.tomcat.TomcatWebServer  : Tomcat started on port 8080 (http) with context path ''
2024-04-07T20:19:32.327+09:00  INFO 13560 --- [restartedMain] c.o.home.configuration.Application       : Started Application in 0.461 seconds (process running for 819.946)
2024-04-07T20:19:32.329+09:00  INFO 13560 --- [restartedMain] .ConditionEvaluationDeltaLoggingListener : Condition evaluation unchanged
2024-04-07T20:19:32.529+09:00  INFO 13560 --- [http-nio-8080-exec-1] o.a.c.c.C.[Tomcat].[localhost].[/]       : Initializing Spring DispatcherServlet 'dispatcherServlet'
2024-04-07T20:19:32.529+09:00  INFO 13560 --- [http-nio-8080-exec-1] o.s.web.servlet.DispatcherServlet        : Initializing Servlet 'dispatcherServlet'
2024-04-07T20:19:32.530+09:00  INFO 13560 --- [http-nio-8080-exec-1] o.s.web.servlet.DispatcherServlet        : Completed initialization in 1 ms
2024-04-07T20:19:32.530+09:00  INFO 13560 --- [http-nio-8080-exec-1] com.zaxxer.hikari.HikariDataSource       : HikariPool-4 - Starting...
2024-04-07T20:19:32.547+09:00  INFO 13560 --- [http-nio-8080-exec-1] com.zaxxer.hikari.pool.HikariPool        : HikariPool-4 - Added connection com.mysql.cj.jdbc.ConnectionImpl@35ba7fdb
2024-04-07T20:19:32.547+09:00  INFO 13560 --- [http-nio-8080-exec-1] com.zaxxer.hikari.HikariDataSource       : HikariPool-4 - Start completed.
2024-04-07T20:28:26.476+09:00  INFO 13560 --- [File Watcher] rtingClassPathChangeChangedEventListener : Restarting due to 8 class path changes (0 additions, 0 deletions, 8 modifications)
2024-04-07T20:28:26.521+09:00  INFO 13560 --- [Thread-31] com.zaxxer.hikari.HikariDataSource       : HikariPool-4 - Shutdown initiated...
2024-04-07T20:28:26.538+09:00  INFO 13560 --- [Thread-31] com.zaxxer.hikari.HikariDataSource       : HikariPool-4 - Shutdown completed.
2024-04-07T20:28:26.624+09:00  INFO 13560 --- [restartedMain] c.o.home.configuration.Application       : Starting Application using Java 17.0.10 with PID 13560 (C:\dev\lecture_code\SpringBoot\Home\build\classes\java\main started by admin in C:\dev\lecture_code\SpringBoot\Home)
2024-04-07T20:28:26.624+09:00  INFO 13560 --- [restartedMain] c.o.home.configuration.Application       : No active profile set, falling back to 1 default profile: "default"
2024-04-07T20:28:26.922+09:00  INFO 13560 --- [restartedMain] o.s.b.w.embedded.tomcat.TomcatWebServer  : Tomcat initialized with port 8080 (http)
2024-04-07T20:28:26.923+09:00  INFO 13560 --- [restartedMain] o.apache.catalina.core.StandardService   : Starting service [Tomcat]
2024-04-07T20:28:26.923+09:00  INFO 13560 --- [restartedMain] o.apache.catalina.core.StandardEngine    : Starting Servlet engine: [Apache Tomcat/10.1.19]
2024-04-07T20:28:26.943+09:00  INFO 13560 --- [restartedMain] o.a.c.c.C.[Tomcat].[localhost].[/]       : Initializing Spring embedded WebApplicationContext
2024-04-07T20:28:26.943+09:00  INFO 13560 --- [restartedMain] w.s.c.ServletWebServerApplicationContext : Root WebApplicationContext: initialization completed in 316 ms
2024-04-07T20:28:27.007+09:00  INFO 13560 --- [restartedMain] o.s.b.a.w.s.WelcomePageHandlerMapping    : Adding welcome page: class path resource [static/index.html]
2024-04-07T20:28:27.071+09:00  INFO 13560 --- [restartedMain] o.s.b.d.a.OptionalLiveReloadServer       : LiveReload server is running on port 35729
2024-04-07T20:28:27.079+09:00  INFO 13560 --- [restartedMain] o.s.b.w.embedded.tomcat.TomcatWebServer  : Tomcat started on port 8080 (http) with context path ''
2024-04-07T20:28:27.085+09:00  INFO 13560 --- [restartedMain] c.o.home.configuration.Application       : Started Application in 0.49 seconds (process running for 1354.704)
2024-04-07T20:28:27.087+09:00  INFO 13560 --- [restartedMain] .ConditionEvaluationDeltaLoggingListener : Condition evaluation unchanged
2024-04-07T20:28:29.215+09:00  INFO 13560 --- [http-nio-8080-exec-1] o.a.c.c.C.[Tomcat].[localhost].[/]       : Initializing Spring DispatcherServlet 'dispatcherServlet'
2024-04-07T20:28:29.215+09:00  INFO 13560 --- [http-nio-8080-exec-1] o.s.web.servlet.DispatcherServlet        : Initializing Servlet 'dispatcherServlet'
2024-04-07T20:28:29.216+09:00  INFO 13560 --- [http-nio-8080-exec-1] o.s.web.servlet.DispatcherServlet        : Completed initialization in 1 ms
2024-04-07T20:28:29.219+09:00  INFO 13560 --- [http-nio-8080-exec-1] com.zaxxer.hikari.HikariDataSource       : HikariPool-5 - Starting...
2024-04-07T20:28:29.239+09:00  INFO 13560 --- [http-nio-8080-exec-1] com.zaxxer.hikari.pool.HikariPool        : HikariPool-5 - Added connection com.mysql.cj.jdbc.ConnectionImpl@1325f0e6
2024-04-07T20:28:29.239+09:00  INFO 13560 --- [http-nio-8080-exec-1] com.zaxxer.hikari.HikariDataSource       : HikariPool-5 - Start completed.
2024-04-07T20:28:35.172+09:00  WARN 13560 --- [http-nio-8080-exec-5] .w.s.m.s.DefaultHandlerExceptionResolver : Resolved [org.springframework.web.bind.MethodArgumentNotValidException: Validation failed for argument [0] in public java.lang.String com.ohgiraffers.home.menu.controller.MenuController.registMenu(com.ohgiraffers.home.menu.model.dto.MenuDTO,org.springframework.web.servlet.mvc.support.RedirectAttributes,java.util.Locale): [Field error in object 'menuDTO' on field 'menuPrice': rejected value [D]; codes [typeMismatch.menuDTO.menuPrice,typeMismatch.menuPrice,typeMismatch.int,typeMismatch]; arguments [org.springframework.context.support.DefaultMessageSourceResolvable: codes [menuDTO.menuPrice,menuPrice]; arguments []; default message [menuPrice]]; default message [Failed to convert property value of type 'java.lang.String' to required type 'int' for property 'menuPrice'; For input string: "D"]] ]
2024-04-07T20:36:43.969+09:00  INFO 13560 --- [File Watcher] rtingClassPathChangeChangedEventListener : Restarting due to 1 class path change (0 additions, 0 deletions, 1 modification)
2024-04-07T20:36:43.987+09:00  INFO 13560 --- [Thread-35] com.zaxxer.hikari.HikariDataSource       : HikariPool-5 - Shutdown initiated...
2024-04-07T20:36:43.994+09:00  INFO 13560 --- [Thread-35] com.zaxxer.hikari.HikariDataSource       : HikariPool-5 - Shutdown completed.
2024-04-07T20:36:44.068+09:00  INFO 13560 --- [restartedMain] c.o.home.configuration.Application       : Starting Application using Java 17.0.10 with PID 13560 (C:\dev\lecture_code\SpringBoot\Home\build\classes\java\main started by admin in C:\dev\lecture_code\SpringBoot\Home)
2024-04-07T20:36:44.069+09:00  INFO 13560 --- [restartedMain] c.o.home.configuration.Application       : No active profile set, falling back to 1 default profile: "default"
2024-04-07T20:36:44.375+09:00  INFO 13560 --- [restartedMain] o.s.b.w.embedded.tomcat.TomcatWebServer  : Tomcat initialized with port 8080 (http)
2024-04-07T20:36:44.375+09:00  INFO 13560 --- [restartedMain] o.apache.catalina.core.StandardService   : Starting service [Tomcat]
2024-04-07T20:36:44.375+09:00  INFO 13560 --- [restartedMain] o.apache.catalina.core.StandardEngine    : Starting Servlet engine: [Apache Tomcat/10.1.19]
2024-04-07T20:36:44.393+09:00  INFO 13560 --- [restartedMain] o.a.c.c.C.[Tomcat].[localhost].[/]       : Initializing Spring embedded WebApplicationContext
2024-04-07T20:36:44.394+09:00  INFO 13560 --- [restartedMain] w.s.c.ServletWebServerApplicationContext : Root WebApplicationContext: initialization completed in 322 ms
2024-04-07T20:36:44.456+09:00  INFO 13560 --- [restartedMain] o.s.b.a.w.s.WelcomePageHandlerMapping    : Adding welcome page: class path resource [static/index.html]
2024-04-07T20:36:44.521+09:00  INFO 13560 --- [restartedMain] o.s.b.d.a.OptionalLiveReloadServer       : LiveReload server is running on port 35729
2024-04-07T20:36:44.530+09:00  INFO 13560 --- [restartedMain] o.s.b.w.embedded.tomcat.TomcatWebServer  : Tomcat started on port 8080 (http) with context path ''
2024-04-07T20:36:44.535+09:00  INFO 13560 --- [restartedMain] c.o.home.configuration.Application       : Started Application in 0.495 seconds (process running for 1852.154)
2024-04-07T20:36:44.536+09:00  INFO 13560 --- [restartedMain] .ConditionEvaluationDeltaLoggingListener : Condition evaluation unchanged
2024-04-07T20:40:06.995+09:00  INFO 13560 --- [http-nio-8080-exec-1] o.a.c.c.C.[Tomcat].[localhost].[/]       : Initializing Spring DispatcherServlet 'dispatcherServlet'
2024-04-07T20:40:06.995+09:00  INFO 13560 --- [http-nio-8080-exec-1] o.s.web.servlet.DispatcherServlet        : Initializing Servlet 'dispatcherServlet'
2024-04-07T20:40:06.996+09:00  INFO 13560 --- [http-nio-8080-exec-1] o.s.web.servlet.DispatcherServlet        : Completed initialization in 1 ms
2024-04-07T20:40:08.445+09:00  INFO 13560 --- [File Watcher] rtingClassPathChangeChangedEventListener : Restarting due to 2 class path changes (0 additions, 0 deletions, 2 modifications)
2024-04-07T20:40:08.545+09:00  INFO 13560 --- [restartedMain] c.o.home.configuration.Application       : Starting Application using Java 17.0.10 with PID 13560 (C:\dev\lecture_code\SpringBoot\Home\build\classes\java\main started by admin in C:\dev\lecture_code\SpringBoot\Home)
2024-04-07T20:40:08.545+09:00  INFO 13560 --- [restartedMain] c.o.home.configuration.Application       : No active profile set, falling back to 1 default profile: "default"
2024-04-07T20:40:08.870+09:00  INFO 13560 --- [restartedMain] o.s.b.w.embedded.tomcat.TomcatWebServer  : Tomcat initialized with port 8080 (http)
2024-04-07T20:40:08.870+09:00  INFO 13560 --- [restartedMain] o.apache.catalina.core.StandardService   : Starting service [Tomcat]
2024-04-07T20:40:08.870+09:00  INFO 13560 --- [restartedMain] o.apache.catalina.core.StandardEngine    : Starting Servlet engine: [Apache Tomcat/10.1.19]
2024-04-07T20:40:08.888+09:00  INFO 13560 --- [restartedMain] o.a.c.c.C.[Tomcat].[localhost].[/]       : Initializing Spring embedded WebApplicationContext
2024-04-07T20:40:08.888+09:00  INFO 13560 --- [restartedMain] w.s.c.ServletWebServerApplicationContext : Root WebApplicationContext: initialization completed in 339 ms
2024-04-07T20:40:08.944+09:00  INFO 13560 --- [restartedMain] o.s.b.a.w.s.WelcomePageHandlerMapping    : Adding welcome page: class path resource [static/index.html]
2024-04-07T20:40:09.003+09:00  INFO 13560 --- [restartedMain] o.s.b.d.a.OptionalLiveReloadServer       : LiveReload server is running on port 35729
2024-04-07T20:40:09.011+09:00  INFO 13560 --- [restartedMain] o.s.b.w.embedded.tomcat.TomcatWebServer  : Tomcat started on port 8080 (http) with context path ''
2024-04-07T20:40:09.015+09:00  INFO 13560 --- [restartedMain] c.o.home.configuration.Application       : Started Application in 0.504 seconds (process running for 2056.633)
2024-04-07T20:40:09.016+09:00  INFO 13560 --- [restartedMain] .ConditionEvaluationDeltaLoggingListener : Condition evaluation unchanged
2024-04-07T20:40:09.065+09:00  INFO 13560 --- [http-nio-8080-exec-1] o.a.c.c.C.[Tomcat].[localhost].[/]       : Initializing Spring DispatcherServlet 'dispatcherServlet'
2024-04-07T20:40:09.065+09:00  INFO 13560 --- [http-nio-8080-exec-1] o.s.web.servlet.DispatcherServlet        : Initializing Servlet 'dispatcherServlet'
2024-04-07T20:40:09.067+09:00  INFO 13560 --- [http-nio-8080-exec-1] o.s.web.servlet.DispatcherServlet        : Completed initialization in 2 ms
2024-04-07T20:40:09.069+09:00  INFO 13560 --- [http-nio-8080-exec-1] com.zaxxer.hikari.HikariDataSource       : HikariPool-6 - Starting...
2024-04-07T20:40:09.094+09:00  INFO 13560 --- [http-nio-8080-exec-1] com.zaxxer.hikari.pool.HikariPool        : HikariPool-6 - Added connection com.mysql.cj.jdbc.ConnectionImpl@449ea548
2024-04-07T20:40:09.094+09:00  INFO 13560 --- [http-nio-8080-exec-1] com.zaxxer.hikari.HikariDataSource       : HikariPool-6 - Start completed.
2024-04-07T20:45:08.721+09:00  INFO 13560 --- [File Watcher] rtingClassPathChangeChangedEventListener : Restarting due to 1 class path change (0 additions, 0 deletions, 1 modification)
2024-04-07T20:45:08.764+09:00  INFO 13560 --- [Thread-43] com.zaxxer.hikari.HikariDataSource       : HikariPool-6 - Shutdown initiated...
2024-04-07T20:45:08.769+09:00  INFO 13560 --- [Thread-43] com.zaxxer.hikari.HikariDataSource       : HikariPool-6 - Shutdown completed.
2024-04-07T20:45:08.851+09:00  INFO 13560 --- [restartedMain] c.o.home.configuration.Application       : Starting Application using Java 17.0.10 with PID 13560 (C:\dev\lecture_code\SpringBoot\Home\build\classes\java\main started by admin in C:\dev\lecture_code\SpringBoot\Home)
2024-04-07T20:45:08.852+09:00  INFO 13560 --- [restartedMain] c.o.home.configuration.Application       : No active profile set, falling back to 1 default profile: "default"
2024-04-07T20:45:09.185+09:00  INFO 13560 --- [restartedMain] o.s.b.w.embedded.tomcat.TomcatWebServer  : Tomcat initialized with port 8080 (http)
2024-04-07T20:45:09.186+09:00  INFO 13560 --- [restartedMain] o.apache.catalina.core.StandardService   : Starting service [Tomcat]
2024-04-07T20:45:09.186+09:00  INFO 13560 --- [restartedMain] o.apache.catalina.core.StandardEngine    : Starting Servlet engine: [Apache Tomcat/10.1.19]
2024-04-07T20:45:09.216+09:00  INFO 13560 --- [restartedMain] o.a.c.c.C.[Tomcat].[localhost].[/]       : Initializing Spring embedded WebApplicationContext
2024-04-07T20:45:09.216+09:00  INFO 13560 --- [restartedMain] w.s.c.ServletWebServerApplicationContext : Root WebApplicationContext: initialization completed in 361 ms
2024-04-07T20:45:09.282+09:00  INFO 13560 --- [restartedMain] o.s.b.a.w.s.WelcomePageHandlerMapping    : Adding welcome page: class path resource [static/index.html]
2024-04-07T20:45:09.347+09:00  INFO 13560 --- [restartedMain] o.s.b.d.a.OptionalLiveReloadServer       : LiveReload server is running on port 35729
2024-04-07T20:45:09.358+09:00  INFO 13560 --- [restartedMain] o.s.b.w.embedded.tomcat.TomcatWebServer  : Tomcat started on port 8080 (http) with context path ''
2024-04-07T20:45:09.364+09:00  INFO 13560 --- [restartedMain] c.o.home.configuration.Application       : Started Application in 0.545 seconds (process running for 2356.982)
2024-04-07T20:45:09.365+09:00  INFO 13560 --- [restartedMain] .ConditionEvaluationDeltaLoggingListener : Condition evaluation unchanged
2024-04-07T20:45:10.348+09:00  INFO 13560 --- [http-nio-8080-exec-1] o.a.c.c.C.[Tomcat].[localhost].[/]       : Initializing Spring DispatcherServlet 'dispatcherServlet'
2024-04-07T20:45:10.348+09:00  INFO 13560 --- [http-nio-8080-exec-1] o.s.web.servlet.DispatcherServlet        : Initializing Servlet 'dispatcherServlet'
2024-04-07T20:45:10.350+09:00  INFO 13560 --- [http-nio-8080-exec-1] o.s.web.servlet.DispatcherServlet        : Completed initialization in 2 ms
2024-04-07T20:45:10.353+09:00  WARN 13560 --- [http-nio-8080-exec-1] .w.s.m.s.DefaultHandlerExceptionResolver : Resolved [org.springframework.web.bind.MethodArgumentNotValidException: Validation failed for argument [0] in public java.lang.String com.ohgiraffers.home.menu.controller.MenuController.registMenu(com.ohgiraffers.home.menu.model.dto.MenuDTO,org.springframework.web.servlet.mvc.support.RedirectAttributes,java.util.Locale): [Field error in object 'menuDTO' on field 'menuPrice': rejected value [D]; codes [typeMismatch.menuDTO.menuPrice,typeMismatch.menuPrice,typeMismatch.int,typeMismatch]; arguments [org.springframework.context.support.DefaultMessageSourceResolvable: codes [menuDTO.menuPrice,menuPrice]; arguments []; default message [menuPrice]]; default message [Failed to convert property value of type 'java.lang.String' to required type 'int' for property 'menuPrice'; For input string: "D"]] ]
2024-04-07T20:52:57.862+09:00  INFO 13560 --- [File Watcher] rtingClassPathChangeChangedEventListener : Restarting due to 7 class path changes (2 additions, 0 deletions, 5 modifications)
2024-04-07T20:52:57.972+09:00  INFO 13560 --- [restartedMain] c.o.home.configuration.Application       : Starting Application using Java 17.0.10 with PID 13560 (C:\dev\lecture_code\SpringBoot\Home\build\classes\java\main started by admin in C:\dev\lecture_code\SpringBoot\Home)
2024-04-07T20:52:57.972+09:00  INFO 13560 --- [restartedMain] c.o.home.configuration.Application       : No active profile set, falling back to 1 default profile: "default"
2024-04-07T20:52:58.332+09:00  INFO 13560 --- [restartedMain] o.s.b.w.embedded.tomcat.TomcatWebServer  : Tomcat initialized with port 8080 (http)
2024-04-07T20:52:58.332+09:00  INFO 13560 --- [restartedMain] o.apache.catalina.core.StandardService   : Starting service [Tomcat]
2024-04-07T20:52:58.332+09:00  INFO 13560 --- [restartedMain] o.apache.catalina.core.StandardEngine    : Starting Servlet engine: [Apache Tomcat/10.1.19]
2024-04-07T20:52:58.354+09:00  INFO 13560 --- [restartedMain] o.a.c.c.C.[Tomcat].[localhost].[/]       : Initializing Spring embedded WebApplicationContext
2024-04-07T20:52:58.354+09:00  INFO 13560 --- [restartedMain] w.s.c.ServletWebServerApplicationContext : Root WebApplicationContext: initialization completed in 379 ms
2024-04-07T20:52:58.419+09:00  INFO 13560 --- [restartedMain] o.s.b.a.w.s.WelcomePageHandlerMapping    : Adding welcome page: class path resource [static/index.html]
2024-04-07T20:52:58.500+09:00  INFO 13560 --- [restartedMain] o.s.b.d.a.OptionalLiveReloadServer       : LiveReload server is running on port 35729
2024-04-07T20:52:58.516+09:00  INFO 13560 --- [restartedMain] o.s.b.w.embedded.tomcat.TomcatWebServer  : Tomcat started on port 8080 (http) with context path ''
2024-04-07T20:52:58.521+09:00  INFO 13560 --- [restartedMain] c.o.home.configuration.Application       : Started Application in 0.582 seconds (process running for 2826.14)
2024-04-07T20:52:58.523+09:00  INFO 13560 --- [restartedMain] .ConditionEvaluationDeltaLoggingListener : Condition evaluation unchanged
2024-04-07T20:52:58.535+09:00  INFO 13560 --- [http-nio-8080-exec-1] o.a.c.c.C.[Tomcat].[localhost].[/]       : Initializing Spring DispatcherServlet 'dispatcherServlet'
2024-04-07T20:52:58.535+09:00  INFO 13560 --- [http-nio-8080-exec-1] o.s.web.servlet.DispatcherServlet        : Initializing Servlet 'dispatcherServlet'
2024-04-07T20:52:58.536+09:00  INFO 13560 --- [http-nio-8080-exec-1] o.s.web.servlet.DispatcherServlet        : Completed initialization in 1 ms
2024-04-07T20:52:58.588+09:00  INFO 13560 --- [http-nio-8080-exec-2] com.zaxxer.hikari.HikariDataSource       : HikariPool-7 - Starting...
2024-04-07T20:52:58.612+09:00  INFO 13560 --- [http-nio-8080-exec-2] com.zaxxer.hikari.pool.HikariPool        : HikariPool-7 - Added connection com.mysql.cj.jdbc.ConnectionImpl@31f2bf8e
2024-04-07T20:52:58.613+09:00  INFO 13560 --- [http-nio-8080-exec-2] com.zaxxer.hikari.HikariDataSource       : HikariPool-7 - Start completed.
2024-04-07T20:53:01.525+09:00  WARN 13560 --- [http-nio-8080-exec-3] .w.s.m.s.DefaultHandlerExceptionResolver : Resolved [org.springframework.web.bind.MethodArgumentNotValidException: Validation failed for argument [0] in public java.lang.String com.ohgiraffers.home.menu.controller.MenuController.registMenu(com.ohgiraffers.home.menu.model.dto.MenuDTO,org.springframework.web.servlet.mvc.support.RedirectAttributes,java.util.Locale): [Field error in object 'menuDTO' on field 'menuPrice': rejected value [D]; codes [typeMismatch.menuDTO.menuPrice,typeMismatch.menuPrice,typeMismatch.int,typeMismatch]; arguments [org.springframework.context.support.DefaultMessageSourceResolvable: codes [menuDTO.menuPrice,menuPrice]; arguments []; default message [menuPrice]]; default message [Failed to convert property value of type 'java.lang.String' to required type 'int' for property 'menuPrice'; For input string: "D"]] ]
2024-04-07T20:53:12.454+09:00  WARN 13560 --- [http-nio-8080-exec-10] .w.s.m.s.DefaultHandlerExceptionResolver : Resolved [org.springframework.web.bind.MethodArgumentNotValidException: Validation failed for argument [0] in public java.lang.String com.ohgiraffers.home.menu.controller.MenuController.registMenu(com.ohgiraffers.home.menu.model.dto.MenuDTO,org.springframework.web.servlet.mvc.support.RedirectAttributes,java.util.Locale): [Field error in object 'menuDTO' on field 'menuPrice': rejected value [D]; codes [typeMismatch.menuDTO.menuPrice,typeMismatch.menuPrice,typeMismatch.int,typeMismatch]; arguments [org.springframework.context.support.DefaultMessageSourceResolvable: codes [menuDTO.menuPrice,menuPrice]; arguments []; default message [menuPrice]]; default message [Failed to convert property value of type 'java.lang.String' to required type 'int' for property 'menuPrice'; For input string: "D"]] ]
2024-04-07T20:54:35.503+09:00  INFO 13560 --- [File Watcher] rtingClassPathChangeChangedEventListener : Restarting due to 7 class path changes (0 additions, 0 deletions, 7 modifications)
2024-04-07T20:54:35.526+09:00  INFO 13560 --- [Thread-51] com.zaxxer.hikari.HikariDataSource       : HikariPool-7 - Shutdown initiated...
2024-04-07T20:54:35.534+09:00  INFO 13560 --- [Thread-51] com.zaxxer.hikari.HikariDataSource       : HikariPool-7 - Shutdown completed.
2024-04-07T20:54:35.623+09:00  INFO 13560 --- [restartedMain] c.o.home.configuration.Application       : Starting Application using Java 17.0.10 with PID 13560 (C:\dev\lecture_code\SpringBoot\Home\build\classes\java\main started by admin in C:\dev\lecture_code\SpringBoot\Home)
2024-04-07T20:54:35.623+09:00  INFO 13560 --- [restartedMain] c.o.home.configuration.Application       : No active profile set, falling back to 1 default profile: "default"
2024-04-07T20:54:35.940+09:00  INFO 13560 --- [restartedMain] o.s.b.w.embedded.tomcat.TomcatWebServer  : Tomcat initialized with port 8080 (http)
2024-04-07T20:54:35.942+09:00  INFO 13560 --- [restartedMain] o.apache.catalina.core.StandardService   : Starting service [Tomcat]
2024-04-07T20:54:35.942+09:00  INFO 13560 --- [restartedMain] o.apache.catalina.core.StandardEngine    : Starting Servlet engine: [Apache Tomcat/10.1.19]
2024-04-07T20:54:35.960+09:00  INFO 13560 --- [restartedMain] o.a.c.c.C.[Tomcat].[localhost].[/]       : Initializing Spring embedded WebApplicationContext
2024-04-07T20:54:35.960+09:00  INFO 13560 --- [restartedMain] w.s.c.ServletWebServerApplicationContext : Root WebApplicationContext: initialization completed in 335 ms
2024-04-07T20:54:36.028+09:00  INFO 13560 --- [restartedMain] o.s.b.a.w.s.WelcomePageHandlerMapping    : Adding welcome page: class path resource [static/index.html]
2024-04-07T20:54:36.093+09:00  INFO 13560 --- [restartedMain] o.s.b.d.a.OptionalLiveReloadServer       : LiveReload server is running on port 35729
2024-04-07T20:54:36.105+09:00  INFO 13560 --- [restartedMain] o.s.b.w.embedded.tomcat.TomcatWebServer  : Tomcat started on port 8080 (http) with context path ''
2024-04-07T20:54:36.109+09:00  INFO 13560 --- [restartedMain] c.o.home.configuration.Application       : Started Application in 0.517 seconds (process running for 2923.727)
2024-04-07T20:54:36.110+09:00  INFO 13560 --- [restartedMain] .ConditionEvaluationDeltaLoggingListener : Condition evaluation unchanged
2024-04-07T20:54:36.212+09:00  INFO 13560 --- [http-nio-8080-exec-1] o.a.c.c.C.[Tomcat].[localhost].[/]       : Initializing Spring DispatcherServlet 'dispatcherServlet'
2024-04-07T20:54:36.212+09:00  INFO 13560 --- [http-nio-8080-exec-1] o.s.web.servlet.DispatcherServlet        : Initializing Servlet 'dispatcherServlet'
2024-04-07T20:54:36.212+09:00  INFO 13560 --- [http-nio-8080-exec-1] o.s.web.servlet.DispatcherServlet        : Completed initialization in 0 ms
2024-04-07T20:54:37.218+09:00  INFO 13560 --- [http-nio-8080-exec-3] com.zaxxer.hikari.HikariDataSource       : HikariPool-8 - Starting...
2024-04-07T20:54:37.241+09:00  INFO 13560 --- [http-nio-8080-exec-3] com.zaxxer.hikari.pool.HikariPool        : HikariPool-8 - Added connection com.mysql.cj.jdbc.ConnectionImpl@56518d85
2024-04-07T20:54:37.241+09:00  INFO 13560 --- [http-nio-8080-exec-3] com.zaxxer.hikari.HikariDataSource       : HikariPool-8 - Start completed.
2024-04-07T20:54:40.123+09:00  WARN 13560 --- [http-nio-8080-exec-4] .w.s.m.s.DefaultHandlerExceptionResolver : Resolved [org.springframework.web.bind.MethodArgumentNotValidException: Validation failed for argument [0] in public java.lang.String com.ohgiraffers.home.menu.controller.MenuController.registMenu(com.ohgiraffers.home.menu.model.dto.MenuDTO,org.springframework.web.servlet.mvc.support.RedirectAttributes,java.util.Locale): [Field error in object 'menuDTO' on field 'menuPrice': rejected value [D]; codes [typeMismatch.menuDTO.menuPrice,typeMismatch.menuPrice,typeMismatch.int,typeMismatch]; arguments [org.springframework.context.support.DefaultMessageSourceResolvable: codes [menuDTO.menuPrice,menuPrice]; arguments []; default message [menuPrice]]; default message [Failed to convert property value of type 'java.lang.String' to required type 'int' for property 'menuPrice'; For input string: "D"]] ]
2024-04-07T20:55:22.191+09:00  WARN 13560 --- [http-nio-8080-exec-7] .w.s.m.s.DefaultHandlerExceptionResolver : Resolved [org.springframework.web.bind.MethodArgumentNotValidException: Validation failed for argument [0] in public java.lang.String com.ohgiraffers.home.menu.controller.MenuController.registMenu(com.ohgiraffers.home.menu.model.dto.MenuDTO,org.springframework.web.servlet.mvc.support.RedirectAttributes,java.util.Locale): [Field error in object 'menuDTO' on field 'menuPrice': rejected value [D]; codes [typeMismatch.menuDTO.menuPrice,typeMismatch.menuPrice,typeMismatch.int,typeMismatch]; arguments [org.springframework.context.support.DefaultMessageSourceResolvable: codes [menuDTO.menuPrice,menuPrice]; arguments []; default message [menuPrice]]; default message [Failed to convert property value of type 'java.lang.String' to required type 'int' for property 'menuPrice'; For input string: "D"]] ]
2024-04-07T20:55:40.228+09:00  INFO 13560 --- [SpringApplicationShutdownHook] com.zaxxer.hikari.HikariDataSource       : HikariPool-8 - Shutdown initiated...
2024-04-07T20:55:40.232+09:00  INFO 13560 --- [SpringApplicationShutdownHook] com.zaxxer.hikari.HikariDataSource       : HikariPool-8 - Shutdown completed.
